{"C:\\PASTAD\\SYNC-MEU WEB\\LEARN\\HELPDESK FULLSTACK\\web\\src\\components\\NavigationMenuSection.tsx": {"path":"C:\\PASTAD\\SYNC-MEU WEB\\LEARN\\HELPDESK FULLSTACK\\web\\src\\components\\NavigationMenuSection.tsx","statementMap":{"0":{"start":{"line":1,"column":0},"end":{"line":1,"column":58}},"1":{"start":{"line":2,"column":0},"end":{"line":2,"column":42}},"2":{"start":{"line":3,"column":0},"end":{"line":3,"column":53}},"3":{"start":{"line":4,"column":0},"end":{"line":4,"column":48}},"4":{"start":{"line":5,"column":0},"end":{"line":5,"column":40}},"5":{"start":{"line":7,"column":0},"end":{"line":7,"column":66}},"6":{"start":{"line":8,"column":0},"end":{"line":8,"column":70}},"7":{"start":{"line":9,"column":0},"end":{"line":9,"column":57}},"8":{"start":{"line":10,"column":0},"end":{"line":10,"column":53}},"9":{"start":{"line":11,"column":0},"end":{"line":11,"column":50}},"10":{"start":{"line":12,"column":0},"end":{"line":12,"column":55}},"11":{"start":{"line":13,"column":0},"end":{"line":13,"column":47}},"12":{"start":{"line":15,"column":0},"end":{"line":15,"column":55}},"13":{"start":{"line":16,"column":0},"end":{"line":16,"column":38}},"14":{"start":{"line":17,"column":0},"end":{"line":17,"column":41}},"15":{"start":{"line":29,"column":37},"end":{"line":172,"column":1}},"16":{"start":{"line":30,"column":22},"end":{"line":30,"column":31}},"17":{"start":{"line":31,"column":38},"end":{"line":31,"column":53}},"18":{"start":{"line":32,"column":15},"end":{"line":32,"column":33}},"19":{"start":{"line":33,"column":21},"end":{"line":33,"column":40}},"20":{"start":{"line":34,"column":18},"end":{"line":34,"column":34}},"21":{"start":{"line":35,"column":28},"end":{"line":86,"column":null}},"22":{"start":{"line":89,"column":27},"end":{"line":91,"column":3}},"23":{"start":{"line":90,"column":4},"end":{"line":90,"column":null}},"24":{"start":{"line":92,"column":19},"end":{"line":92,"column":32}},"25":{"start":{"line":95,"column":34},"end":{"line":96,"column":null}},"26":{"start":{"line":96,"column":10},"end":{"line":96,"column":78}},"27":{"start":{"line":96,"column":38},"end":{"line":96,"column":48}},"28":{"start":{"line":100,"column":4},"end":{"line":100,"column":null}},"29":{"start":{"line":101,"column":4},"end":{"line":101,"column":null}},"30":{"start":{"line":104,"column":2},"end":{"line":171,"column":null}},"31":{"start":{"line":115,"column":16},"end":{"line":115,"column":34}},"32":{"start":{"line":119,"column":35},"end":{"line":119,"column":76}},"33":{"start":{"line":151,"column":18},"end":{"line":151,"column":36}},"34":{"start":{"line":155,"column":37},"end":{"line":155,"column":78}},"35":{"start":{"line":29,"column":13},"end":{"line":29,"column":37}}},"fnMap":{"0":{"name":"(anonymous_1)","decl":{"start":{"line":29,"column":37},"end":{"line":29,"column":54}},"loc":{"start":{"line":29,"column":56},"end":{"line":172,"column":1}}},"1":{"name":"(anonymous_2)","decl":{"start":{"line":89,"column":27},"end":{"line":89,"column":30}},"loc":{"start":{"line":89,"column":32},"end":{"line":91,"column":3}}},"2":{"name":"(anonymous_3)","decl":{"start":{"line":96,"column":4},"end":{"line":96,"column":7}},"loc":{"start":{"line":96,"column":10},"end":{"line":96,"column":78}}},"3":{"name":"(anonymous_4)","decl":{"start":{"line":96,"column":31},"end":{"line":96,"column":32}},"loc":{"start":{"line":96,"column":38},"end":{"line":96,"column":48}}},"4":{"name":"handleNavigationClick","decl":{"start":{"line":99,"column":11},"end":{"line":99,"column":32}},"loc":{"start":{"line":99,"column":57},"end":{"line":102,"column":3}}},"5":{"name":"(anonymous_6)","decl":{"start":{"line":114,"column":35},"end":{"line":114,"column":36}},"loc":{"start":{"line":115,"column":16},"end":{"line":115,"column":34}}},"6":{"name":"(anonymous_7)","decl":{"start":{"line":119,"column":29},"end":{"line":119,"column":32}},"loc":{"start":{"line":119,"column":35},"end":{"line":119,"column":76}}},"7":{"name":"(anonymous_8)","decl":{"start":{"line":150,"column":37},"end":{"line":150,"column":38}},"loc":{"start":{"line":151,"column":18},"end":{"line":151,"column":36}}},"8":{"name":"(anonymous_9)","decl":{"start":{"line":155,"column":31},"end":{"line":155,"column":34}},"loc":{"start":{"line":155,"column":37},"end":{"line":155,"column":78}}}},"branchMap":{"0":{"loc":{"start":{"line":36,"column":4},"end":{"line":86,"column":null}},"type":"cond-expr","locations":[{"start":{"line":37,"column":8},"end":{"line":52,"column":null}},{"start":{"line":53,"column":8},"end":{"line":86,"column":null}}]},"1":{"loc":{"start":{"line":61,"column":14},"end":{"line":85,"column":16}},"type":"cond-expr","locations":[{"start":{"line":62,"column":14},"end":{"line":84,"column":null}},{"start":{"line":85,"column":14},"end":{"line":85,"column":16}}]},"2":{"loc":{"start":{"line":96,"column":10},"end":{"line":96,"column":78}},"type":"binary-expr","locations":[{"start":{"line":96,"column":10},"end":{"line":96,"column":53}},{"start":{"line":96,"column":57},"end":{"line":96,"column":78}}]},"3":{"loc":{"start":{"line":109,"column":13},"end":{"line":109,"column":74}},"type":"cond-expr","locations":[{"start":{"line":109,"column":26},"end":{"line":109,"column":36}},{"start":{"line":109,"column":39},"end":{"line":109,"column":74}}]},"4":{"loc":{"start":{"line":109,"column":39},"end":{"line":109,"column":74}},"type":"cond-expr","locations":[{"start":{"line":109,"column":58},"end":{"line":109,"column":65}},{"start":{"line":109,"column":68},"end":{"line":109,"column":74}}]},"5":{"loc":{"start":{"line":118,"column":29},"end":{"line":118,"column":72}},"type":"cond-expr","locations":[{"start":{"line":118,"column":52},"end":{"line":118,"column":60}},{"start":{"line":118,"column":63},"end":{"line":118,"column":72}}]},"6":{"loc":{"start":{"line":136,"column":18},"end":{"line":136,"column":49}},"type":"cond-expr","locations":[{"start":{"line":136,"column":31},"end":{"line":136,"column":36}},{"start":{"line":136,"column":39},"end":{"line":136,"column":49}}]},"7":{"loc":{"start":{"line":139,"column":11},"end":{"line":162,"column":null}},"type":"binary-expr","locations":[{"start":{"line":139,"column":11},"end":{"line":139,"column":21}},{"start":{"line":140,"column":12},"end":{"line":161,"column":null}}]},"8":{"loc":{"start":{"line":154,"column":31},"end":{"line":154,"column":67}},"type":"cond-expr","locations":[{"start":{"line":154,"column":47},"end":{"line":154,"column":55}},{"start":{"line":154,"column":58},"end":{"line":154,"column":67}}]},"9":{"loc":{"start":{"line":166,"column":11},"end":{"line":166,"column":72}},"type":"cond-expr","locations":[{"start":{"line":166,"column":24},"end":{"line":166,"column":34}},{"start":{"line":166,"column":37},"end":{"line":166,"column":72}}]},"10":{"loc":{"start":{"line":166,"column":37},"end":{"line":166,"column":72}},"type":"cond-expr","locations":[{"start":{"line":166,"column":56},"end":{"line":166,"column":63}},{"start":{"line":166,"column":66},"end":{"line":166,"column":72}}]}},"s":{"0":1,"1":1,"2":1,"3":1,"4":1,"5":1,"6":1,"7":1,"8":1,"9":1,"10":1,"11":1,"12":1,"13":1,"14":1,"15":1,"16":1,"17":1,"18":1,"19":1,"20":1,"21":1,"22":1,"23":0,"24":1,"25":1,"26":1,"27":1,"28":0,"29":0,"30":1,"31":2,"32":0,"33":0,"34":0,"35":1},"f":{"0":1,"1":0,"2":1,"3":1,"4":0,"5":2,"6":0,"7":0,"8":0},"b":{"0":[1,0],"1":[0,0],"2":[1,0],"3":[1,0],"4":[0,0],"5":[1,1],"6":[0,1],"7":[1,0],"8":[0,0],"9":[1,0],"10":[0,0]}}
,"C:\\PASTAD\\SYNC-MEU WEB\\LEARN\\HELPDESK FULLSTACK\\web\\src\\components\\alert-modal.tsx": {"path":"C:\\PASTAD\\SYNC-MEU WEB\\LEARN\\HELPDESK FULLSTACK\\web\\src\\components\\alert-modal.tsx","statementMap":{"0":{"start":{"line":12,"column":0},"end":{"line":12,"column":16}},"1":{"start":{"line":1,"column":0},"end":{"line":1,"column":41}},"2":{"start":{"line":2,"column":0},"end":{"line":2,"column":49}},"3":{"start":{"line":3,"column":0},"end":{"line":3,"column":47}},"4":{"start":{"line":18,"column":2},"end":{"line":42,"column":null}}},"fnMap":{"0":{"name":"AlertModal","decl":{"start":{"line":12,"column":16},"end":{"line":12,"column":26}},"loc":{"start":{"line":17,"column":18},"end":{"line":43,"column":1}}}},"branchMap":{"0":{"loc":{"start":{"line":13,"column":2},"end":{"line":13,"column":17}},"type":"default-arg","locations":[{"start":{"line":13,"column":10},"end":{"line":13,"column":17}}]},"1":{"loc":{"start":{"line":15,"column":2},"end":{"line":15,"column":19}},"type":"default-arg","locations":[{"start":{"line":15,"column":15},"end":{"line":15,"column":19}}]},"2":{"loc":{"start":{"line":28,"column":11},"end":{"line":33,"column":null}},"type":"cond-expr","locations":[{"start":{"line":29,"column":12},"end":{"line":30,"column":null}},{"start":{"line":33,"column":12},"end":{"line":33,"column":23}}]}},"s":{"0":1,"1":1,"2":1,"3":1,"4":0},"f":{"0":0},"b":{"0":[0],"1":[0],"2":[0,0]}}
,"C:\\PASTAD\\SYNC-MEU WEB\\LEARN\\HELPDESK FULLSTACK\\web\\src\\components\\card.tsx": {"path":"C:\\PASTAD\\SYNC-MEU WEB\\LEARN\\HELPDESK FULLSTACK\\web\\src\\components\\card.tsx","statementMap":{"0":{"start":{"line":1,"column":0},"end":{"line":1,"column":58}},"1":{"start":{"line":2,"column":0},"end":{"line":2,"column":45}},"2":{"start":{"line":3,"column":0},"end":{"line":3,"column":42}},"3":{"start":{"line":5,"column":0},"end":{"line":5,"column":40}},"4":{"start":{"line":6,"column":0},"end":{"line":6,"column":55}},"5":{"start":{"line":7,"column":0},"end":{"line":7,"column":41}},"6":{"start":{"line":9,"column":0},"end":{"line":9,"column":61}},"7":{"start":{"line":10,"column":0},"end":{"line":10,"column":53}},"8":{"start":{"line":11,"column":0},"end":{"line":11,"column":40}},"9":{"start":{"line":26,"column":20},"end":{"line":108,"column":1}},"10":{"start":{"line":27,"column":46},"end":{"line":27,"column":75}},"11":{"start":{"line":28,"column":15},"end":{"line":28,"column":24}},"12":{"start":{"line":30,"column":19},"end":{"line":30,"column":32}},"13":{"start":{"line":32,"column":41},"end":{"line":53,"column":null}},"14":{"start":{"line":39,"column":8},"end":{"line":39,"column":null}},"15":{"start":{"line":48,"column":8},"end":{"line":48,"column":null}},"16":{"start":{"line":49,"column":8},"end":{"line":49,"column":22}},"17":{"start":{"line":50,"column":8},"end":{"line":50,"column":22}},"18":{"start":{"line":55,"column":2},"end":{"line":107,"column":null}},"19":{"start":{"line":72,"column":12},"end":{"line":72,"column":32}},"20":{"start":{"line":26,"column":13},"end":{"line":26,"column":20}}},"fnMap":{"0":{"name":"(anonymous_1)","decl":{"start":{"line":26,"column":20},"end":{"line":26,"column":21}},"loc":{"start":{"line":26,"column":72},"end":{"line":108,"column":1}}},"1":{"name":"(anonymous_2)","decl":{"start":{"line":38,"column":15},"end":{"line":38,"column":18}},"loc":{"start":{"line":38,"column":20},"end":{"line":40,"column":7}}},"2":{"name":"(anonymous_3)","decl":{"start":{"line":47,"column":15},"end":{"line":47,"column":18}},"loc":{"start":{"line":47,"column":20},"end":{"line":51,"column":7}}},"3":{"name":"(anonymous_4)","decl":{"start":{"line":71,"column":27},"end":{"line":71,"column":28}},"loc":{"start":{"line":72,"column":12},"end":{"line":72,"column":32}}}},"branchMap":{"0":{"loc":{"start":{"line":75,"column":18},"end":{"line":75,"column":null}},"type":"cond-expr","locations":[{"start":{"line":75,"column":49},"end":{"line":75,"column":62}},{"start":{"line":75,"column":65},"end":{"line":75,"column":null}}]},"1":{"loc":{"start":{"line":83,"column":20},"end":{"line":85,"column":null}},"type":"cond-expr","locations":[{"start":{"line":84,"column":24},"end":{"line":84,"column":46}},{"start":{"line":85,"column":24},"end":{"line":85,"column":null}}]},"2":{"loc":{"start":{"line":93,"column":20},"end":{"line":95,"column":null}},"type":"cond-expr","locations":[{"start":{"line":94,"column":24},"end":{"line":94,"column":46}},{"start":{"line":95,"column":24},"end":{"line":95,"column":null}}]},"3":{"loc":{"start":{"line":105,"column":7},"end":{"line":105,"column":78}},"type":"binary-expr","locations":[{"start":{"line":105,"column":7},"end":{"line":105,"column":35}},{"start":{"line":105,"column":39},"end":{"line":105,"column":78}}]}},"s":{"0":1,"1":1,"2":1,"3":1,"4":1,"5":1,"6":1,"7":1,"8":1,"9":1,"10":0,"11":0,"12":0,"13":0,"14":0,"15":0,"16":0,"17":0,"18":0,"19":0,"20":1},"f":{"0":0,"1":0,"2":0,"3":0},"b":{"0":[0,0],"1":[0,0],"2":[0,0],"3":[0,0]}}
,"C:\\PASTAD\\SYNC-MEU WEB\\LEARN\\HELPDESK FULLSTACK\\web\\src\\components\\user-menu.tsx": {"path":"C:\\PASTAD\\SYNC-MEU WEB\\LEARN\\HELPDESK FULLSTACK\\web\\src\\components\\user-menu.tsx","statementMap":{"0":{"start":{"line":8,"column":0},"end":{"line":8,"column":16}},"1":{"start":{"line":1,"column":0},"end":{"line":1,"column":32}},"2":{"start":{"line":2,"column":0},"end":{"line":2,"column":29}},"3":{"start":{"line":3,"column":0},"end":{"line":3,"column":45}},"4":{"start":{"line":4,"column":0},"end":{"line":4,"column":41}},"5":{"start":{"line":5,"column":0},"end":{"line":5,"column":50}},"6":{"start":{"line":6,"column":0},"end":{"line":6,"column":53}},"7":{"start":{"line":9,"column":22},"end":{"line":9,"column":31}},"8":{"start":{"line":10,"column":34},"end":{"line":10,"column":49}},"9":{"start":{"line":12,"column":21},"end":{"line":14,"column":3}},"10":{"start":{"line":13,"column":4},"end":{"line":13,"column":null}},"11":{"start":{"line":16,"column":15},"end":{"line":16,"column":39}},"12":{"start":{"line":17,"column":16},"end":{"line":17,"column":41}},"13":{"start":{"line":18,"column":19},"end":{"line":18,"column":36}},"14":{"start":{"line":19,"column":20},"end":{"line":19,"column":57}},"15":{"start":{"line":21,"column":2},"end":{"line":55,"column":null}},"16":{"start":{"line":29,"column":29},"end":{"line":29,"column":47}},"17":{"start":{"line":33,"column":29},"end":{"line":33,"column":47}}},"fnMap":{"0":{"name":"UserMenu","decl":{"start":{"line":8,"column":16},"end":{"line":8,"column":24}},"loc":{"start":{"line":8,"column":24},"end":{"line":56,"column":1}}},"1":{"name":"(anonymous_2)","decl":{"start":{"line":12,"column":21},"end":{"line":12,"column":24}},"loc":{"start":{"line":12,"column":26},"end":{"line":14,"column":3}}},"2":{"name":"(anonymous_3)","decl":{"start":{"line":29,"column":23},"end":{"line":29,"column":26}},"loc":{"start":{"line":29,"column":29},"end":{"line":29,"column":47}}},"3":{"name":"(anonymous_4)","decl":{"start":{"line":33,"column":23},"end":{"line":33,"column":26}},"loc":{"start":{"line":33,"column":29},"end":{"line":33,"column":47}}}},"branchMap":{"0":{"loc":{"start":{"line":16,"column":15},"end":{"line":16,"column":39}},"type":"binary-expr","locations":[{"start":{"line":16,"column":15},"end":{"line":16,"column":33}},{"start":{"line":16,"column":37},"end":{"line":16,"column":39}}]},"1":{"loc":{"start":{"line":17,"column":16},"end":{"line":17,"column":41}},"type":"binary-expr","locations":[{"start":{"line":17,"column":16},"end":{"line":17,"column":35}},{"start":{"line":17,"column":39},"end":{"line":17,"column":41}}]},"2":{"loc":{"start":{"line":25,"column":9},"end":{"line":35,"column":null}},"type":"binary-expr","locations":[{"start":{"line":25,"column":9},"end":{"line":25,"column":17}},{"start":{"line":26,"column":10},"end":{"line":34,"column":null}}]},"3":{"loc":{"start":{"line":46,"column":13},"end":{"line":46,"column":24}},"type":"binary-expr","locations":[{"start":{"line":46,"column":13},"end":{"line":46,"column":17}},{"start":{"line":46,"column":21},"end":{"line":46,"column":24}}]},"4":{"loc":{"start":{"line":50,"column":13},"end":{"line":50,"column":24}},"type":"binary-expr","locations":[{"start":{"line":50,"column":13},"end":{"line":50,"column":18}},{"start":{"line":50,"column":22},"end":{"line":50,"column":24}}]}},"s":{"0":1,"1":1,"2":1,"3":1,"4":1,"5":1,"6":1,"7":2,"8":2,"9":2,"10":0,"11":2,"12":2,"13":2,"14":2,"15":2,"16":0,"17":0},"f":{"0":2,"1":0,"2":0,"3":0},"b":{"0":[2,0],"1":[2,0],"2":[2,0],"3":[2,0],"4":[2,0]}}
,"C:\\PASTAD\\SYNC-MEU WEB\\LEARN\\HELPDESK FULLSTACK\\web\\src\\contexts\\AuthContext.tsx": {"path":"C:\\PASTAD\\SYNC-MEU WEB\\LEARN\\HELPDESK FULLSTACK\\web\\src\\contexts\\AuthContext.tsx","statementMap":{"0":{"start":{"line":17,"column":0},"end":{"line":17,"column":16}},"1":{"start":{"line":1,"column":0},"end":{"line":1,"column":74}},"2":{"start":{"line":3,"column":0},"end":{"line":3,"column":37}},"3":{"start":{"line":13,"column":26},"end":{"line":13,"column":45}},"4":{"start":{"line":15,"column":13},"end":{"line":15,"column":null}},"5":{"start":{"line":18,"column":32},"end":{"line":18,"column":70}},"6":{"start":{"line":19,"column":36},"end":{"line":19,"column":50}},"7":{"start":{"line":22,"column":4},"end":{"line":22,"column":null}},"8":{"start":{"line":23,"column":4},"end":{"line":23,"column":null}},"9":{"start":{"line":24,"column":4},"end":{"line":24,"column":null}},"10":{"start":{"line":26,"column":4},"end":{"line":26,"column":null}},"11":{"start":{"line":30,"column":4},"end":{"line":37,"column":5}},"12":{"start":{"line":31,"column":29},"end":{"line":34,"column":null}},"13":{"start":{"line":35,"column":6},"end":{"line":35,"column":null}},"14":{"start":{"line":36,"column":6},"end":{"line":36,"column":null}},"15":{"start":{"line":41,"column":4},"end":{"line":41,"column":null}},"16":{"start":{"line":42,"column":4},"end":{"line":42,"column":null}},"17":{"start":{"line":43,"column":4},"end":{"line":43,"column":null}},"18":{"start":{"line":47,"column":17},"end":{"line":47,"column":66}},"19":{"start":{"line":48,"column":18},"end":{"line":48,"column":68}},"20":{"start":{"line":50,"column":4},"end":{"line":53,"column":5}},"21":{"start":{"line":51,"column":6},"end":{"line":51,"column":null}},"22":{"start":{"line":52,"column":6},"end":{"line":52,"column":null}},"23":{"start":{"line":54,"column":4},"end":{"line":54,"column":null}},"24":{"start":{"line":56,"column":2},"end":{"line":58,"column":null}},"25":{"start":{"line":57,"column":4},"end":{"line":57,"column":null}},"26":{"start":{"line":60,"column":2},"end":{"line":66,"column":null}}},"fnMap":{"0":{"name":"AuthProvider","decl":{"start":{"line":17,"column":16},"end":{"line":17,"column":28}},"loc":{"start":{"line":17,"column":66},"end":{"line":67,"column":1}}},"1":{"name":"save","decl":{"start":{"line":21,"column":11},"end":{"line":21,"column":15}},"loc":{"start":{"line":21,"column":37},"end":{"line":27,"column":3}}},"2":{"name":"updateUser","decl":{"start":{"line":29,"column":11},"end":{"line":29,"column":21}},"loc":{"start":{"line":29,"column":31},"end":{"line":38,"column":3}}},"3":{"name":"remove","decl":{"start":{"line":40,"column":11},"end":{"line":40,"column":17}},"loc":{"start":{"line":40,"column":17},"end":{"line":44,"column":3}}},"4":{"name":"loadUser","decl":{"start":{"line":46,"column":11},"end":{"line":46,"column":19}},"loc":{"start":{"line":46,"column":19},"end":{"line":55,"column":3}}},"5":{"name":"(anonymous_5)","decl":{"start":{"line":56,"column":12},"end":{"line":56,"column":15}},"loc":{"start":{"line":56,"column":17},"end":{"line":58,"column":3}}}},"branchMap":{"0":{"loc":{"start":{"line":30,"column":4},"end":{"line":37,"column":5}},"type":"if","locations":[{"start":{"line":30,"column":4},"end":{"line":37,"column":5}}]},"1":{"loc":{"start":{"line":50,"column":4},"end":{"line":53,"column":5}},"type":"if","locations":[{"start":{"line":50,"column":4},"end":{"line":53,"column":5}}]},"2":{"loc":{"start":{"line":50,"column":8},"end":{"line":50,"column":21}},"type":"binary-expr","locations":[{"start":{"line":50,"column":8},"end":{"line":50,"column":12}},{"start":{"line":50,"column":16},"end":{"line":50,"column":21}}]}},"s":{"0":1,"1":1,"2":1,"3":1,"4":1,"5":2,"6":2,"7":0,"8":0,"9":0,"10":0,"11":0,"12":0,"13":0,"14":0,"15":0,"16":0,"17":0,"18":1,"19":1,"20":1,"21":0,"22":0,"23":1,"24":2,"25":1,"26":2},"f":{"0":2,"1":0,"2":0,"3":0,"4":1,"5":1},"b":{"0":[0],"1":[0],"2":[1,0]}}
,"C:\\PASTAD\\SYNC-MEU WEB\\LEARN\\HELPDESK FULLSTACK\\web\\src\\core-components\\avatar.tsx": {"path":"C:\\PASTAD\\SYNC-MEU WEB\\LEARN\\HELPDESK FULLSTACK\\web\\src\\core-components\\avatar.tsx","statementMap":{"0":{"start":{"line":27,"column":0},"end":{"line":27,"column":24}},"1":{"start":{"line":1,"column":0},"end":{"line":1,"column":25}},"2":{"start":{"line":2,"column":0},"end":{"line":2,"column":40}},"3":{"start":{"line":3,"column":0},"end":{"line":3,"column":65}},"4":{"start":{"line":4,"column":0},"end":{"line":4,"column":52}},"5":{"start":{"line":6,"column":13},"end":{"line":19,"column":null}},"6":{"start":{"line":35,"column":20},"end":{"line":37,"column":28}},"7":{"start":{"line":39,"column":34},"end":{"line":39,"column":55}},"8":{"start":{"line":42,"column":22},"end":{"line":45,"column":3}},"9":{"start":{"line":43,"column":4},"end":{"line":43,"column":null}},"10":{"start":{"line":44,"column":4},"end":{"line":44,"column":null}},"11":{"start":{"line":47,"column":2},"end":{"line":62,"column":null}}},"fnMap":{"0":{"name":"Avatar","decl":{"start":{"line":27,"column":24},"end":{"line":27,"column":30}},"loc":{"start":{"line":33,"column":14},"end":{"line":63,"column":1}}},"1":{"name":"(anonymous_2)","decl":{"start":{"line":42,"column":22},"end":{"line":42,"column":25}},"loc":{"start":{"line":42,"column":27},"end":{"line":45,"column":3}}}},"branchMap":{"0":{"loc":{"start":{"line":35,"column":20},"end":{"line":37,"column":28}},"type":"cond-expr","locations":[{"start":{"line":36,"column":6},"end":{"line":36,"column":14}},{"start":{"line":37,"column":6},"end":{"line":37,"column":28}}]},"1":{"loc":{"start":{"line":49,"column":7},"end":{"line":59,"column":null}},"type":"cond-expr","locations":[{"start":{"line":50,"column":8},"end":{"line":54,"column":null}},{"start":{"line":57,"column":8},"end":{"line":58,"column":null}}]},"2":{"loc":{"start":{"line":49,"column":7},"end":{"line":49,"column":29}},"type":"binary-expr","locations":[{"start":{"line":49,"column":7},"end":{"line":49,"column":16}},{"start":{"line":49,"column":20},"end":{"line":49,"column":29}}]}},"s":{"0":1,"1":1,"2":1,"3":1,"4":1,"5":1,"6":2,"7":2,"8":2,"9":0,"10":0,"11":2},"f":{"0":2,"1":0},"b":{"0":[2,0],"1":[2,0],"2":[2,2]}}
,"C:\\PASTAD\\SYNC-MEU WEB\\LEARN\\HELPDESK FULLSTACK\\web\\src\\core-components\\button.tsx": {"path":"C:\\PASTAD\\SYNC-MEU WEB\\LEARN\\HELPDESK FULLSTACK\\web\\src\\core-components\\button.tsx","statementMap":{"0":{"start":{"line":74,"column":0},"end":{"line":74,"column":16}},"1":{"start":{"line":2,"column":0},"end":{"line":2,"column":40}},"2":{"start":{"line":3,"column":0},"end":{"line":3,"column":40}},"3":{"start":{"line":4,"column":0},"end":{"line":4,"column":65}},"4":{"start":{"line":6,"column":13},"end":{"line":32,"column":null}},"5":{"start":{"line":34,"column":13},"end":{"line":46,"column":null}},"6":{"start":{"line":48,"column":13},"end":{"line":66,"column":null}},"7":{"start":{"line":83,"column":2},"end":{"line":103,"column":null}}},"fnMap":{"0":{"name":"Button","decl":{"start":{"line":74,"column":16},"end":{"line":74,"column":22}},"loc":{"start":{"line":82,"column":14},"end":{"line":104,"column":1}}}},"branchMap":{"0":{"loc":{"start":{"line":76,"column":2},"end":{"line":76,"column":13}},"type":"default-arg","locations":[{"start":{"line":76,"column":9},"end":{"line":76,"column":13}}]},"1":{"loc":{"start":{"line":88,"column":7},"end":{"line":92,"column":null}},"type":"binary-expr","locations":[{"start":{"line":88,"column":7},"end":{"line":88,"column":20}},{"start":{"line":89,"column":8},"end":{"line":91,"column":null}}]},"2":{"loc":{"start":{"line":94,"column":7},"end":{"line":100,"column":null}},"type":"binary-expr","locations":[{"start":{"line":94,"column":7},"end":{"line":94,"column":15}},{"start":{"line":95,"column":8},"end":{"line":99,"column":null}}]},"3":{"loc":{"start":{"line":96,"column":19},"end":{"line":96,"column":66}},"type":"cond-expr","locations":[{"start":{"line":96,"column":35},"end":{"line":96,"column":49}},{"start":{"line":96,"column":52},"end":{"line":96,"column":66}}]}},"s":{"0":1,"1":1,"2":1,"3":1,"4":1,"5":1,"6":1,"7":1},"f":{"0":1},"b":{"0":[1],"1":[1,1],"2":[1,0],"3":[0,0]}}
,"C:\\PASTAD\\SYNC-MEU WEB\\LEARN\\HELPDESK FULLSTACK\\web\\src\\core-components\\header-nav.tsx": {"path":"C:\\PASTAD\\SYNC-MEU WEB\\LEARN\\HELPDESK FULLSTACK\\web\\src\\core-components\\header-nav.tsx","statementMap":{"0":{"start":{"line":26,"column":0},"end":{"line":26,"column":16}},"1":{"start":{"line":1,"column":0},"end":{"line":1,"column":41}},"2":{"start":{"line":2,"column":0},"end":{"line":2,"column":56}},"3":{"start":{"line":4,"column":0},"end":{"line":4,"column":65}},"4":{"start":{"line":6,"column":13},"end":{"line":18,"column":null}},"5":{"start":{"line":27,"column":2},"end":{"line":43,"column":null}}},"fnMap":{"0":{"name":"HeaderNav","decl":{"start":{"line":26,"column":16},"end":{"line":26,"column":25}},"loc":{"start":{"line":26,"column":54},"end":{"line":44,"column":1}}}},"branchMap":{},"s":{"0":1,"1":1,"2":1,"3":1,"4":1,"5":2},"f":{"0":2},"b":{}}
,"C:\\PASTAD\\SYNC-MEU WEB\\LEARN\\HELPDESK FULLSTACK\\web\\src\\core-components\\icon.tsx": {"path":"C:\\PASTAD\\SYNC-MEU WEB\\LEARN\\HELPDESK FULLSTACK\\web\\src\\core-components\\icon.tsx","statementMap":{"0":{"start":{"line":22,"column":0},"end":{"line":22,"column":24}},"1":{"start":{"line":2,"column":0},"end":{"line":2,"column":63}},"2":{"start":{"line":4,"column":13},"end":{"line":14,"column":null}},"3":{"start":{"line":23,"column":2},"end":{"line":23,"column":null}}},"fnMap":{"0":{"name":"Icon","decl":{"start":{"line":22,"column":24},"end":{"line":22,"column":28}},"loc":{"start":{"line":22,"column":94},"end":{"line":24,"column":1}}}},"branchMap":{},"s":{"0":1,"1":1,"2":1,"3":5},"f":{"0":5},"b":{}}
,"C:\\PASTAD\\SYNC-MEU WEB\\LEARN\\HELPDESK FULLSTACK\\web\\src\\core-components\\menu-link.tsx": {"path":"C:\\PASTAD\\SYNC-MEU WEB\\LEARN\\HELPDESK FULLSTACK\\web\\src\\core-components\\menu-link.tsx","statementMap":{"0":{"start":{"line":55,"column":0},"end":{"line":55,"column":16}},"1":{"start":{"line":2,"column":0},"end":{"line":2,"column":25}},"2":{"start":{"line":3,"column":0},"end":{"line":3,"column":25}},"3":{"start":{"line":4,"column":0},"end":{"line":4,"column":65}},"4":{"start":{"line":6,"column":13},"end":{"line":23,"column":null}},"5":{"start":{"line":25,"column":13},"end":{"line":35,"column":null}},"6":{"start":{"line":37,"column":13},"end":{"line":47,"column":null}},"7":{"start":{"line":63,"column":2},"end":{"line":80,"column":null}}},"fnMap":{"0":{"name":"MenuLink","decl":{"start":{"line":55,"column":16},"end":{"line":55,"column":24}},"loc":{"start":{"line":62,"column":16},"end":{"line":81,"column":1}}}},"branchMap":{"0":{"loc":{"start":{"line":68,"column":7},"end":{"line":69,"column":null}},"type":"binary-expr","locations":[{"start":{"line":68,"column":7},"end":{"line":68,"column":20}},{"start":{"line":69,"column":8},"end":{"line":69,"column":82}}]},"1":{"loc":{"start":{"line":71,"column":7},"end":{"line":77,"column":null}},"type":"binary-expr","locations":[{"start":{"line":71,"column":7},"end":{"line":71,"column":15}},{"start":{"line":72,"column":8},"end":{"line":76,"column":null}}]}},"s":{"0":1,"1":1,"2":1,"3":1,"4":1,"5":1,"6":1,"7":2},"f":{"0":2},"b":{"0":[2,2],"1":[2,2]}}
,"C:\\PASTAD\\SYNC-MEU WEB\\LEARN\\HELPDESK FULLSTACK\\web\\src\\core-components\\modal.tsx": {"path":"C:\\PASTAD\\SYNC-MEU WEB\\LEARN\\HELPDESK FULLSTACK\\web\\src\\core-components\\modal.tsx","statementMap":{"0":{"start":{"line":43,"column":0},"end":{"line":43,"column":16}},"1":{"start":{"line":68,"column":0},"end":{"line":68,"column":16}},"2":{"start":{"line":81,"column":0},"end":{"line":81,"column":16}},"3":{"start":{"line":98,"column":0},"end":{"line":98,"column":16}},"4":{"start":{"line":113,"column":0},"end":{"line":113,"column":16}},"5":{"start":{"line":2,"column":0},"end":{"line":2,"column":65}},"6":{"start":{"line":4,"column":13},"end":{"line":22,"column":null}},"7":{"start":{"line":24,"column":13},"end":{"line":38,"column":null}},"8":{"start":{"line":51,"column":2},"end":{"line":63,"column":null}},"9":{"start":{"line":57,"column":8},"end":{"line":57,"column":null}},"10":{"start":{"line":57,"column":42},"end":{"line":57,"column":null}},"11":{"start":{"line":74,"column":2},"end":{"line":78,"column":null}},"12":{"start":{"line":86,"column":2},"end":{"line":95,"column":null}},"13":{"start":{"line":103,"column":2},"end":{"line":110,"column":null}},"14":{"start":{"line":118,"column":2},"end":{"line":127,"column":null}},"15":{"start":{"line":130,"column":13},"end":{"line":136,"column":null}}},"fnMap":{"0":{"name":"ModalRoot","decl":{"start":{"line":43,"column":16},"end":{"line":43,"column":25}},"loc":{"start":{"line":50,"column":17},"end":{"line":64,"column":1}}},"1":{"name":"(anonymous_1)","decl":{"start":{"line":56,"column":19},"end":{"line":56,"column":20}},"loc":{"start":{"line":56,"column":25},"end":{"line":58,"column":7}}},"2":{"name":"ModalContent","decl":{"start":{"line":68,"column":16},"end":{"line":68,"column":28}},"loc":{"start":{"line":73,"column":20},"end":{"line":79,"column":1}}},"3":{"name":"ModalHeader","decl":{"start":{"line":81,"column":16},"end":{"line":81,"column":27}},"loc":{"start":{"line":85,"column":33},"end":{"line":96,"column":1}}},"4":{"name":"ModalBody","decl":{"start":{"line":98,"column":16},"end":{"line":98,"column":25}},"loc":{"start":{"line":102,"column":34},"end":{"line":111,"column":1}}},"5":{"name":"ModalFooter","decl":{"start":{"line":113,"column":16},"end":{"line":113,"column":27}},"loc":{"start":{"line":117,"column":33},"end":{"line":128,"column":1}}}},"branchMap":{"0":{"loc":{"start":{"line":57,"column":8},"end":{"line":57,"column":null}},"type":"if","locations":[{"start":{"line":57,"column":8},"end":{"line":57,"column":null}}]},"1":{"loc":{"start":{"line":89,"column":8},"end":{"line":89,"column":null}},"type":"binary-expr","locations":[{"start":{"line":89,"column":8},"end":{"line":89,"column":17}},{"start":{"line":89,"column":21},"end":{"line":89,"column":null}}]},"2":{"loc":{"start":{"line":105,"column":62},"end":{"line":105,"column":77}},"type":"binary-expr","locations":[{"start":{"line":105,"column":62},"end":{"line":105,"column":71}},{"start":{"line":105,"column":75},"end":{"line":105,"column":77}}]},"3":{"loc":{"start":{"line":121,"column":8},"end":{"line":121,"column":null}},"type":"binary-expr","locations":[{"start":{"line":121,"column":8},"end":{"line":121,"column":17}},{"start":{"line":121,"column":21},"end":{"line":121,"column":null}}]}},"s":{"0":1,"1":1,"2":1,"3":1,"4":1,"5":1,"6":1,"7":1,"8":0,"9":0,"10":0,"11":0,"12":0,"13":0,"14":0,"15":1},"f":{"0":0,"1":0,"2":0,"3":0,"4":0,"5":0},"b":{"0":[0],"1":[0,0],"2":[0,0],"3":[0,0]}}
,"C:\\PASTAD\\SYNC-MEU WEB\\LEARN\\HELPDESK FULLSTACK\\web\\src\\core-components\\text.tsx": {"path":"C:\\PASTAD\\SYNC-MEU WEB\\LEARN\\HELPDESK FULLSTACK\\web\\src\\core-components\\text.tsx","statementMap":{"0":{"start":{"line":31,"column":0},"end":{"line":31,"column":24}},"1":{"start":{"line":1,"column":0},"end":{"line":1,"column":25}},"2":{"start":{"line":2,"column":0},"end":{"line":2,"column":65}},"3":{"start":{"line":4,"column":13},"end":{"line":23,"column":3}},"4":{"start":{"line":38,"column":2},"end":{"line":38,"column":null}}},"fnMap":{"0":{"name":"Text","decl":{"start":{"line":31,"column":24},"end":{"line":31,"column":28}},"loc":{"start":{"line":37,"column":12},"end":{"line":39,"column":1}}}},"branchMap":{"0":{"loc":{"start":{"line":32,"column":2},"end":{"line":32,"column":13}},"type":"default-arg","locations":[{"start":{"line":32,"column":7},"end":{"line":32,"column":13}}]}},"s":{"0":1,"1":1,"2":1,"3":1,"4":2},"f":{"0":2},"b":{"0":[2]}}
,"C:\\PASTAD\\SYNC-MEU WEB\\LEARN\\HELPDESK FULLSTACK\\web\\src\\layouts\\PerfilDesktop.tsx": {"path":"C:\\PASTAD\\SYNC-MEU WEB\\LEARN\\HELPDESK FULLSTACK\\web\\src\\layouts\\PerfilDesktop.tsx","statementMap":{"0":{"start":{"line":1,"column":0},"end":{"line":1,"column":59}},"1":{"start":{"line":3,"column":0},"end":{"line":3,"column":null}},"2":{"start":{"line":7,"column":0},"end":{"line":7,"column":48}},"3":{"start":{"line":8,"column":0},"end":{"line":8,"column":47}},"4":{"start":{"line":10,"column":0},"end":{"line":10,"column":45}},"5":{"start":{"line":16,"column":29},"end":{"line":83,"column":1}},"6":{"start":{"line":19,"column":40},"end":{"line":19,"column":54}},"7":{"start":{"line":20,"column":34},"end":{"line":20,"column":49}},"8":{"start":{"line":21,"column":18},"end":{"line":21,"column":53}},"9":{"start":{"line":23,"column":27},"end":{"line":26,"column":3}},"10":{"start":{"line":24,"column":4},"end":{"line":24,"column":null}},"11":{"start":{"line":25,"column":4},"end":{"line":25,"column":null}},"12":{"start":{"line":28,"column":21},"end":{"line":42,"column":3}},"13":{"start":{"line":29,"column":4},"end":{"line":41,"column":5}},"14":{"start":{"line":30,"column":6},"end":{"line":30,"column":null}},"15":{"start":{"line":32,"column":21},"end":{"line":32,"column":50}},"16":{"start":{"line":35,"column":6},"end":{"line":38,"column":7}},"17":{"start":{"line":36,"column":8},"end":{"line":36,"column":null}},"18":{"start":{"line":37,"column":8},"end":{"line":37,"column":null}},"19":{"start":{"line":40,"column":6},"end":{"line":40,"column":null}},"20":{"start":{"line":44,"column":2},"end":{"line":82,"column":null}},"21":{"start":{"line":16,"column":13},"end":{"line":16,"column":29}}},"fnMap":{"0":{"name":"(anonymous_1)","decl":{"start":{"line":16,"column":29},"end":{"line":16,"column":30}},"loc":{"start":{"line":18,"column":39},"end":{"line":83,"column":1}}},"1":{"name":"(anonymous_2)","decl":{"start":{"line":23,"column":27},"end":{"line":23,"column":30}},"loc":{"start":{"line":23,"column":32},"end":{"line":26,"column":3}}},"2":{"name":"(anonymous_3)","decl":{"start":{"line":28,"column":21},"end":{"line":28,"column":26}},"loc":{"start":{"line":28,"column":32},"end":{"line":42,"column":3}}}},"branchMap":{"0":{"loc":{"start":{"line":35,"column":6},"end":{"line":38,"column":7}},"type":"if","locations":[{"start":{"line":35,"column":6},"end":{"line":38,"column":7}}]},"1":{"loc":{"start":{"line":46,"column":7},"end":{"line":79,"column":null}},"type":"binary-expr","locations":[{"start":{"line":46,"column":7},"end":{"line":46,"column":18}},{"start":{"line":47,"column":8},"end":{"line":78,"column":null}}]},"2":{"loc":{"start":{"line":75,"column":17},"end":{"line":75,"column":48}},"type":"cond-expr","locations":[{"start":{"line":75,"column":28},"end":{"line":75,"column":39}},{"start":{"line":75,"column":42},"end":{"line":75,"column":48}}]}},"s":{"0":1,"1":1,"2":1,"3":1,"4":1,"5":1,"6":0,"7":0,"8":0,"9":0,"10":0,"11":0,"12":0,"13":0,"14":0,"15":0,"16":0,"17":0,"18":0,"19":0,"20":0,"21":1},"f":{"0":0,"1":0,"2":0},"b":{"0":[0],"1":[0,0],"2":[0,0]}}
,"C:\\PASTAD\\SYNC-MEU WEB\\LEARN\\HELPDESK FULLSTACK\\web\\src\\layouts\\ProfileFormSection.tsx": {"path":"C:\\PASTAD\\SYNC-MEU WEB\\LEARN\\HELPDESK FULLSTACK\\web\\src\\layouts\\ProfileFormSection.tsx","statementMap":{"0":{"start":{"line":1,"column":0},"end":{"line":1,"column":null}},"1":{"start":{"line":10,"column":0},"end":{"line":10,"column":48}},"2":{"start":{"line":11,"column":0},"end":{"line":11,"column":45}},"3":{"start":{"line":12,"column":0},"end":{"line":12,"column":55}},"4":{"start":{"line":13,"column":0},"end":{"line":13,"column":53}},"5":{"start":{"line":14,"column":0},"end":{"line":14,"column":40}},"6":{"start":{"line":15,"column":0},"end":{"line":15,"column":35}},"7":{"start":{"line":16,"column":0},"end":{"line":16,"column":62}},"8":{"start":{"line":17,"column":0},"end":{"line":17,"column":53}},"9":{"start":{"line":18,"column":0},"end":{"line":18,"column":50}},"10":{"start":{"line":19,"column":0},"end":{"line":19,"column":53}},"11":{"start":{"line":26,"column":13},"end":{"line":371,"column":null}},"12":{"start":{"line":28,"column":36},"end":{"line":28,"column":45}},"13":{"start":{"line":29,"column":36},"end":{"line":34,"column":6}},"14":{"start":{"line":35,"column":36},"end":{"line":35,"column":65}},"15":{"start":{"line":36,"column":40},"end":{"line":36,"column":57}},"16":{"start":{"line":37,"column":25},"end":{"line":37,"column":55}},"17":{"start":{"line":38,"column":38},"end":{"line":38,"column":67}},"18":{"start":{"line":39,"column":44},"end":{"line":39,"column":59}},"19":{"start":{"line":40,"column":56},"end":{"line":40,"column":71}},"20":{"start":{"line":42,"column":4},"end":{"line":57,"column":null}},"21":{"start":{"line":43,"column":6},"end":{"line":56,"column":7}},"22":{"start":{"line":44,"column":8},"end":{"line":48,"column":null}},"23":{"start":{"line":44,"column":31},"end":{"line":48,"column":10}},"24":{"start":{"line":51,"column":8},"end":{"line":55,"column":9}},"25":{"start":{"line":52,"column":10},"end":{"line":52,"column":null}},"26":{"start":{"line":54,"column":10},"end":{"line":54,"column":null}},"27":{"start":{"line":59,"column":30},"end":{"line":61,"column":5}},"28":{"start":{"line":60,"column":6},"end":{"line":60,"column":null}},"29":{"start":{"line":60,"column":29},"end":{"line":60,"column":56}},"30":{"start":{"line":63,"column":30},"end":{"line":65,"column":5}},"31":{"start":{"line":64,"column":6},"end":{"line":64,"column":null}},"32":{"start":{"line":67,"column":29},"end":{"line":92,"column":5}},"33":{"start":{"line":70,"column":19},"end":{"line":70,"column":42}},"34":{"start":{"line":71,"column":6},"end":{"line":71,"column":23}},"35":{"start":{"line":71,"column":17},"end":{"line":71,"column":23}},"36":{"start":{"line":74,"column":6},"end":{"line":78,"column":7}},"37":{"start":{"line":75,"column":8},"end":{"line":75,"column":null}},"38":{"start":{"line":76,"column":8},"end":{"line":76,"column":null}},"39":{"start":{"line":77,"column":8},"end":{"line":77,"column":14}},"40":{"start":{"line":80,"column":6},"end":{"line":91,"column":7}},"41":{"start":{"line":81,"column":25},"end":{"line":81,"column":49}},"42":{"start":{"line":82,"column":8},"end":{"line":82,"column":null}},"43":{"start":{"line":83,"column":8},"end":{"line":83,"column":null}},"44":{"start":{"line":85,"column":8},"end":{"line":85,"column":null}},"45":{"start":{"line":86,"column":8},"end":{"line":86,"column":null}},"46":{"start":{"line":88,"column":8},"end":{"line":88,"column":null}},"47":{"start":{"line":89,"column":8},"end":{"line":89,"column":null}},"48":{"start":{"line":90,"column":8},"end":{"line":90,"column":null}},"49":{"start":{"line":94,"column":30},"end":{"line":107,"column":5}},"50":{"start":{"line":95,"column":6},"end":{"line":106,"column":7}},"51":{"start":{"line":96,"column":25},"end":{"line":96,"column":45}},"52":{"start":{"line":97,"column":8},"end":{"line":97,"column":null}},"53":{"start":{"line":98,"column":8},"end":{"line":98,"column":null}},"54":{"start":{"line":100,"column":8},"end":{"line":100,"column":null}},"55":{"start":{"line":101,"column":8},"end":{"line":101,"column":null}},"56":{"start":{"line":103,"column":8},"end":{"line":103,"column":null}},"57":{"start":{"line":104,"column":8},"end":{"line":104,"column":null}},"58":{"start":{"line":105,"column":8},"end":{"line":105,"column":null}},"59":{"start":{"line":109,"column":33},"end":{"line":122,"column":5}},"60":{"start":{"line":111,"column":23},"end":{"line":111,"column":42}},"61":{"start":{"line":112,"column":6},"end":{"line":112,"column":null}},"62":{"start":{"line":115,"column":6},"end":{"line":121,"column":7}},"63":{"start":{"line":116,"column":8},"end":{"line":120,"column":null}},"64":{"start":{"line":116,"column":31},"end":{"line":120,"column":10}},"65":{"start":{"line":124,"column":4},"end":{"line":198,"column":null}},"66":{"start":{"line":124,"column":36},"end":{"line":198,"column":6}},"67":{"start":{"line":126,"column":8},"end":{"line":196,"column":9}},"68":{"start":{"line":127,"column":10},"end":{"line":127,"column":null}},"69":{"start":{"line":130,"column":10},"end":{"line":142,"column":11}},"70":{"start":{"line":131,"column":12},"end":{"line":135,"column":13}},"71":{"start":{"line":132,"column":14},"end":{"line":132,"column":null}},"72":{"start":{"line":133,"column":14},"end":{"line":133,"column":null}},"73":{"start":{"line":134,"column":14},"end":{"line":134,"column":null}},"74":{"start":{"line":137,"column":12},"end":{"line":141,"column":13}},"75":{"start":{"line":138,"column":14},"end":{"line":138,"column":null}},"76":{"start":{"line":139,"column":14},"end":{"line":139,"column":null}},"77":{"start":{"line":140,"column":14},"end":{"line":140,"column":null}},"78":{"start":{"line":146,"column":12},"end":{"line":146,"column":14}},"79":{"start":{"line":149,"column":10},"end":{"line":151,"column":11}},"80":{"start":{"line":150,"column":12},"end":{"line":150,"column":null}},"81":{"start":{"line":154,"column":10},"end":{"line":156,"column":11}},"82":{"start":{"line":155,"column":12},"end":{"line":155,"column":null}},"83":{"start":{"line":159,"column":10},"end":{"line":161,"column":11}},"84":{"start":{"line":160,"column":12},"end":{"line":160,"column":null}},"85":{"start":{"line":164,"column":10},"end":{"line":168,"column":11}},"86":{"start":{"line":165,"column":12},"end":{"line":165,"column":null}},"87":{"start":{"line":166,"column":12},"end":{"line":166,"column":null}},"88":{"start":{"line":167,"column":12},"end":{"line":167,"column":24}},"89":{"start":{"line":170,"column":27},"end":{"line":170,"column":62}},"90":{"start":{"line":173,"column":10},"end":{"line":173,"column":null}},"91":{"start":{"line":176,"column":10},"end":{"line":180,"column":null}},"92":{"start":{"line":176,"column":33},"end":{"line":180,"column":12}},"93":{"start":{"line":182,"column":10},"end":{"line":182,"column":null}},"94":{"start":{"line":183,"column":10},"end":{"line":183,"column":null}},"95":{"start":{"line":184,"column":10},"end":{"line":184,"column":null}},"96":{"start":{"line":185,"column":10},"end":{"line":185,"column":null}},"97":{"start":{"line":188,"column":10},"end":{"line":188,"column":null}},"98":{"start":{"line":189,"column":10},"end":{"line":189,"column":null}},"99":{"start":{"line":190,"column":10},"end":{"line":192,"column":null}},"100":{"start":{"line":193,"column":10},"end":{"line":193,"column":null}},"101":{"start":{"line":195,"column":10},"end":{"line":195,"column":null}},"102":{"start":{"line":200,"column":4},"end":{"line":369,"column":null}},"103":{"start":{"line":206,"column":27},"end":{"line":206,"column":44}},"104":{"start":{"line":269,"column":33},"end":{"line":269,"column":74}},"105":{"start":{"line":290,"column":33},"end":{"line":290,"column":75}},"106":{"start":{"line":314,"column":22},"end":{"line":314,"column":67}},"107":{"start":{"line":360,"column":20},"end":{"line":360,"column":72}}},"fnMap":{"0":{"name":"ProfileFormSection","decl":{"start":{"line":27,"column":11},"end":{"line":27,"column":29}},"loc":{"start":{"line":27,"column":36},"end":{"line":370,"column":3}}},"1":{"name":"(anonymous_2)","decl":{"start":{"line":42,"column":14},"end":{"line":42,"column":17}},"loc":{"start":{"line":42,"column":19},"end":{"line":57,"column":5}}},"2":{"name":"(anonymous_3)","decl":{"start":{"line":44,"column":20},"end":{"line":44,"column":21}},"loc":{"start":{"line":44,"column":31},"end":{"line":48,"column":10}}},"3":{"name":"(anonymous_4)","decl":{"start":{"line":59,"column":30},"end":{"line":59,"column":31}},"loc":{"start":{"line":59,"column":63},"end":{"line":61,"column":5}}},"4":{"name":"(anonymous_5)","decl":{"start":{"line":60,"column":18},"end":{"line":60,"column":19}},"loc":{"start":{"line":60,"column":29},"end":{"line":60,"column":56}}},"5":{"name":"(anonymous_6)","decl":{"start":{"line":63,"column":30},"end":{"line":63,"column":33}},"loc":{"start":{"line":63,"column":35},"end":{"line":65,"column":5}}},"6":{"name":"(anonymous_7)","decl":{"start":{"line":67,"column":29},"end":{"line":67,"column":34}},"loc":{"start":{"line":69,"column":8},"end":{"line":92,"column":5}}},"7":{"name":"(anonymous_8)","decl":{"start":{"line":94,"column":30},"end":{"line":94,"column":35}},"loc":{"start":{"line":94,"column":41},"end":{"line":107,"column":5}}},"8":{"name":"(anonymous_9)","decl":{"start":{"line":109,"column":33},"end":{"line":109,"column":36}},"loc":{"start":{"line":109,"column":38},"end":{"line":122,"column":5}}},"9":{"name":"(anonymous_10)","decl":{"start":{"line":116,"column":20},"end":{"line":116,"column":21}},"loc":{"start":{"line":116,"column":31},"end":{"line":120,"column":10}}},"10":{"name":"(anonymous_11)","decl":{"start":{"line":124,"column":29},"end":{"line":124,"column":32}},"loc":{"start":{"line":124,"column":36},"end":{"line":198,"column":6}}},"11":{"name":"(anonymous_12)","decl":{"start":{"line":125,"column":6},"end":{"line":125,"column":11}},"loc":{"start":{"line":125,"column":16},"end":{"line":197,"column":7}}},"12":{"name":"(anonymous_13)","decl":{"start":{"line":176,"column":22},"end":{"line":176,"column":23}},"loc":{"start":{"line":176,"column":33},"end":{"line":180,"column":12}}},"13":{"name":"(anonymous_14)","decl":{"start":{"line":206,"column":21},"end":{"line":206,"column":24}},"loc":{"start":{"line":206,"column":27},"end":{"line":206,"column":44}}},"14":{"name":"(anonymous_15)","decl":{"start":{"line":269,"column":26},"end":{"line":269,"column":27}},"loc":{"start":{"line":269,"column":33},"end":{"line":269,"column":74}}},"15":{"name":"(anonymous_16)","decl":{"start":{"line":290,"column":26},"end":{"line":290,"column":27}},"loc":{"start":{"line":290,"column":33},"end":{"line":290,"column":75}}},"16":{"name":"(anonymous_17)","decl":{"start":{"line":313,"column":30},"end":{"line":313,"column":31}},"loc":{"start":{"line":314,"column":22},"end":{"line":314,"column":67}}},"17":{"name":"(anonymous_18)","decl":{"start":{"line":359,"column":28},"end":{"line":359,"column":29}},"loc":{"start":{"line":360,"column":20},"end":{"line":360,"column":72}}}},"branchMap":{"0":{"loc":{"start":{"line":43,"column":6},"end":{"line":56,"column":7}},"type":"if","locations":[{"start":{"line":43,"column":6},"end":{"line":56,"column":7}}]},"1":{"loc":{"start":{"line":46,"column":16},"end":{"line":46,"column":39}},"type":"binary-expr","locations":[{"start":{"line":46,"column":16},"end":{"line":46,"column":33}},{"start":{"line":46,"column":37},"end":{"line":46,"column":39}}]},"2":{"loc":{"start":{"line":47,"column":17},"end":{"line":47,"column":41}},"type":"binary-expr","locations":[{"start":{"line":47,"column":17},"end":{"line":47,"column":35}},{"start":{"line":47,"column":39},"end":{"line":47,"column":41}}]},"3":{"loc":{"start":{"line":51,"column":8},"end":{"line":55,"column":9}},"type":"if","locations":[{"start":{"line":51,"column":8},"end":{"line":55,"column":9}},{"start":{"line":53,"column":15},"end":{"line":55,"column":9}}]},"4":{"loc":{"start":{"line":52,"column":23},"end":{"line":52,"column":67}},"type":"binary-expr","locations":[{"start":{"line":52,"column":23},"end":{"line":52,"column":59}},{"start":{"line":52,"column":63},"end":{"line":52,"column":67}}]},"5":{"loc":{"start":{"line":71,"column":6},"end":{"line":71,"column":23}},"type":"if","locations":[{"start":{"line":71,"column":6},"end":{"line":71,"column":23}}]},"6":{"loc":{"start":{"line":74,"column":6},"end":{"line":78,"column":7}},"type":"if","locations":[{"start":{"line":74,"column":6},"end":{"line":78,"column":7}}]},"7":{"loc":{"start":{"line":83,"column":21},"end":{"line":83,"column":66}},"type":"binary-expr","locations":[{"start":{"line":83,"column":21},"end":{"line":83,"column":58}},{"start":{"line":83,"column":62},"end":{"line":83,"column":66}}]},"8":{"loc":{"start":{"line":115,"column":6},"end":{"line":121,"column":7}},"type":"if","locations":[{"start":{"line":115,"column":6},"end":{"line":121,"column":7}}]},"9":{"loc":{"start":{"line":130,"column":10},"end":{"line":142,"column":11}},"type":"if","locations":[{"start":{"line":130,"column":10},"end":{"line":142,"column":11}}]},"10":{"loc":{"start":{"line":130,"column":14},"end":{"line":130,"column":66}},"type":"binary-expr","locations":[{"start":{"line":130,"column":14},"end":{"line":130,"column":31}},{"start":{"line":130,"column":35},"end":{"line":130,"column":66}}]},"11":{"loc":{"start":{"line":131,"column":12},"end":{"line":135,"column":13}},"type":"if","locations":[{"start":{"line":131,"column":12},"end":{"line":135,"column":13}}]},"12":{"loc":{"start":{"line":137,"column":12},"end":{"line":141,"column":13}},"type":"if","locations":[{"start":{"line":137,"column":12},"end":{"line":141,"column":13}}]},"13":{"loc":{"start":{"line":149,"column":10},"end":{"line":151,"column":11}},"type":"if","locations":[{"start":{"line":149,"column":10},"end":{"line":151,"column":11}}]},"14":{"loc":{"start":{"line":149,"column":14},"end":{"line":149,"column":58}},"type":"binary-expr","locations":[{"start":{"line":149,"column":14},"end":{"line":149,"column":27}},{"start":{"line":149,"column":31},"end":{"line":149,"column":58}}]},"15":{"loc":{"start":{"line":154,"column":10},"end":{"line":156,"column":11}},"type":"if","locations":[{"start":{"line":154,"column":10},"end":{"line":156,"column":11}}]},"16":{"loc":{"start":{"line":154,"column":14},"end":{"line":154,"column":60}},"type":"binary-expr","locations":[{"start":{"line":154,"column":14},"end":{"line":154,"column":28}},{"start":{"line":154,"column":32},"end":{"line":154,"column":60}}]},"17":{"loc":{"start":{"line":159,"column":10},"end":{"line":161,"column":11}},"type":"if","locations":[{"start":{"line":159,"column":10},"end":{"line":161,"column":11}}]},"18":{"loc":{"start":{"line":159,"column":14},"end":{"line":159,"column":66}},"type":"binary-expr","locations":[{"start":{"line":159,"column":14},"end":{"line":159,"column":31}},{"start":{"line":159,"column":35},"end":{"line":159,"column":66}}]},"19":{"loc":{"start":{"line":164,"column":10},"end":{"line":168,"column":11}},"type":"if","locations":[{"start":{"line":164,"column":10},"end":{"line":168,"column":11}}]},"20":{"loc":{"start":{"line":191,"column":12},"end":{"line":191,"column":71}},"type":"binary-expr","locations":[{"start":{"line":191,"column":12},"end":{"line":191,"column":41}},{"start":{"line":191,"column":45},"end":{"line":191,"column":71}}]},"21":{"loc":{"start":{"line":202,"column":9},"end":{"line":207,"column":null}},"type":"binary-expr","locations":[{"start":{"line":202,"column":9},"end":{"line":202,"column":17}},{"start":{"line":203,"column":10},"end":{"line":206,"column":null}}]},"22":{"loc":{"start":{"line":220,"column":28},"end":{"line":220,"column":50}},"type":"binary-expr","locations":[{"start":{"line":220,"column":28},"end":{"line":220,"column":37}},{"start":{"line":220,"column":41},"end":{"line":220,"column":50}}]},"23":{"loc":{"start":{"line":222,"column":27},"end":{"line":222,"column":52}},"type":"binary-expr","locations":[{"start":{"line":222,"column":27},"end":{"line":222,"column":46}},{"start":{"line":222,"column":50},"end":{"line":222,"column":52}}]},"24":{"loc":{"start":{"line":305,"column":15},"end":{"line":322,"column":null}},"type":"cond-expr","locations":[{"start":{"line":306,"column":16},"end":{"line":317,"column":null}},{"start":{"line":320,"column":16},"end":{"line":321,"column":null}}]},"25":{"loc":{"start":{"line":331,"column":18},"end":{"line":333,"column":39}},"type":"cond-expr","locations":[{"start":{"line":332,"column":22},"end":{"line":332,"column":46}},{"start":{"line":333,"column":22},"end":{"line":333,"column":39}}]},"26":{"loc":{"start":{"line":338,"column":17},"end":{"line":338,"column":57}},"type":"cond-expr","locations":[{"start":{"line":338,"column":38},"end":{"line":338,"column":46}},{"start":{"line":338,"column":49},"end":{"line":338,"column":57}}]},"27":{"loc":{"start":{"line":343,"column":11},"end":{"line":365,"column":null}},"type":"binary-expr","locations":[{"start":{"line":343,"column":11},"end":{"line":343,"column":29}},{"start":{"line":344,"column":12},"end":{"line":364,"column":null}}]}},"s":{"0":1,"1":1,"2":1,"3":1,"4":1,"5":1,"6":1,"7":1,"8":1,"9":1,"10":1,"11":1,"12":0,"13":0,"14":0,"15":0,"16":0,"17":0,"18":0,"19":0,"20":0,"21":0,"22":0,"23":0,"24":0,"25":0,"26":0,"27":0,"28":0,"29":0,"30":0,"31":0,"32":0,"33":0,"34":0,"35":0,"36":0,"37":0,"38":0,"39":0,"40":0,"41":0,"42":0,"43":0,"44":0,"45":0,"46":0,"47":0,"48":0,"49":0,"50":0,"51":0,"52":0,"53":0,"54":0,"55":0,"56":0,"57":0,"58":0,"59":0,"60":0,"61":0,"62":0,"63":0,"64":0,"65":0,"66":0,"67":0,"68":0,"69":0,"70":0,"71":0,"72":0,"73":0,"74":0,"75":0,"76":0,"77":0,"78":0,"79":0,"80":0,"81":0,"82":0,"83":0,"84":0,"85":0,"86":0,"87":0,"88":0,"89":0,"90":0,"91":0,"92":0,"93":0,"94":0,"95":0,"96":0,"97":0,"98":0,"99":0,"100":0,"101":0,"102":0,"103":0,"104":0,"105":0,"106":0,"107":0},"f":{"0":0,"1":0,"2":0,"3":0,"4":0,"5":0,"6":0,"7":0,"8":0,"9":0,"10":0,"11":0,"12":0,"13":0,"14":0,"15":0,"16":0,"17":0},"b":{"0":[0],"1":[0,0],"2":[0,0],"3":[0,0],"4":[0,0],"5":[0],"6":[0],"7":[0,0],"8":[0],"9":[0],"10":[0,0],"11":[0],"12":[0],"13":[0],"14":[0,0],"15":[0],"16":[0,0],"17":[0],"18":[0,0],"19":[0],"20":[0,0],"21":[0,0],"22":[0,0],"23":[0,0],"24":[0,0],"25":[0,0],"26":[0,0],"27":[0,0]}}
,"C:\\PASTAD\\SYNC-MEU WEB\\LEARN\\HELPDESK FULLSTACK\\web\\src\\services\\api.ts": {"path":"C:\\PASTAD\\SYNC-MEU WEB\\LEARN\\HELPDESK FULLSTACK\\web\\src\\services\\api.ts","statementMap":{"0":{"start":{"line":1,"column":0},"end":{"line":1,"column":26}},"1":{"start":{"line":3,"column":13},"end":{"line":5,"column":3}}},"fnMap":{},"branchMap":{},"s":{"0":1,"1":1},"f":{},"b":{}}
,"C:\\PASTAD\\SYNC-MEU WEB\\LEARN\\HELPDESK FULLSTACK\\web\\src\\services\\avatar.ts": {"path":"C:\\PASTAD\\SYNC-MEU WEB\\LEARN\\HELPDESK FULLSTACK\\web\\src\\services\\avatar.ts","statementMap":{"0":{"start":{"line":1,"column":0},"end":{"line":1,"column":27}},"1":{"start":{"line":4,"column":28},"end":{"line":17,"column":1}},"2":{"start":{"line":7,"column":19},"end":{"line":7,"column":33}},"3":{"start":{"line":8,"column":2},"end":{"line":8,"column":null}},"4":{"start":{"line":10,"column":19},"end":{"line":14,"column":4}},"5":{"start":{"line":16,"column":2},"end":{"line":16,"column":null}},"6":{"start":{"line":4,"column":13},"end":{"line":4,"column":28}},"7":{"start":{"line":20,"column":28},"end":{"line":26,"column":1}},"8":{"start":{"line":24,"column":19},"end":{"line":24,"column":55}},"9":{"start":{"line":25,"column":2},"end":{"line":25,"column":null}},"10":{"start":{"line":20,"column":13},"end":{"line":20,"column":28}}},"fnMap":{"0":{"name":"(anonymous_0)","decl":{"start":{"line":4,"column":28},"end":{"line":4,"column":33}},"loc":{"start":{"line":6,"column":45},"end":{"line":17,"column":1}}},"1":{"name":"(anonymous_1)","decl":{"start":{"line":20,"column":28},"end":{"line":20,"column":33}},"loc":{"start":{"line":23,"column":5},"end":{"line":26,"column":1}}}},"branchMap":{},"s":{"0":1,"1":1,"2":0,"3":0,"4":0,"5":0,"6":1,"7":1,"8":0,"9":0,"10":1},"f":{"0":0,"1":0},"b":{}}
,"C:\\PASTAD\\SYNC-MEU WEB\\LEARN\\HELPDESK FULLSTACK\\web\\src\\utils\\get-avatar-url.ts": {"path":"C:\\PASTAD\\SYNC-MEU WEB\\LEARN\\HELPDESK FULLSTACK\\web\\src\\utils\\get-avatar-url.ts","statementMap":{"0":{"start":{"line":6,"column":28},"end":{"line":15,"column":1}},"1":{"start":{"line":7,"column":2},"end":{"line":7,"column":null}},"2":{"start":{"line":7,"column":18},"end":{"line":7,"column":null}},"3":{"start":{"line":12,"column":5},"end":{"line":12,"column":80}},"4":{"start":{"line":13,"column":18},"end":{"line":13,"column":61}},"5":{"start":{"line":14,"column":2},"end":{"line":14,"column":null}},"6":{"start":{"line":6,"column":13},"end":{"line":6,"column":28}}},"fnMap":{"0":{"name":"(anonymous_0)","decl":{"start":{"line":6,"column":28},"end":{"line":6,"column":29}},"loc":{"start":{"line":6,"column":71},"end":{"line":15,"column":1}}}},"branchMap":{"0":{"loc":{"start":{"line":7,"column":2},"end":{"line":7,"column":null}},"type":"if","locations":[{"start":{"line":7,"column":2},"end":{"line":7,"column":null}}]},"1":{"loc":{"start":{"line":12,"column":5},"end":{"line":12,"column":80}},"type":"binary-expr","locations":[{"start":{"line":12,"column":5},"end":{"line":12,"column":37}},{"start":{"line":12,"column":42},"end":{"line":12,"column":74}},{"start":{"line":12,"column":78},"end":{"line":12,"column":80}}]},"2":{"loc":{"start":{"line":13,"column":18},"end":{"line":13,"column":61}},"type":"binary-expr","locations":[{"start":{"line":13,"column":18},"end":{"line":13,"column":34}},{"start":{"line":13,"column":38},"end":{"line":13,"column":61}}]}},"s":{"0":1,"1":2,"2":0,"3":2,"4":2,"5":2,"6":1},"f":{"0":2},"b":{"0":[0],"1":[2,0,0],"2":[2,2]}}
,"C:\\PASTAD\\SYNC-MEU WEB\\LEARN\\HELPDESK FULLSTACK\\web\\src\\utils\\get-initials.ts": {"path":"C:\\PASTAD\\SYNC-MEU WEB\\LEARN\\HELPDESK FULLSTACK\\web\\src\\utils\\get-initials.ts","statementMap":{"0":{"start":{"line":6,"column":0},"end":{"line":6,"column":16}},"1":{"start":{"line":7,"column":2},"end":{"line":7,"column":null}},"2":{"start":{"line":7,"column":13},"end":{"line":7,"column":null}},"3":{"start":{"line":8,"column":16},"end":{"line":8,"column":56}},"4":{"start":{"line":10,"column":2},"end":{"line":10,"column":null}},"5":{"start":{"line":10,"column":26},"end":{"line":10,"column":null}},"6":{"start":{"line":11,"column":2},"end":{"line":11,"column":null}},"7":{"start":{"line":11,"column":26},"end":{"line":11,"column":null}},"8":{"start":{"line":12,"column":2},"end":{"line":12,"column":null}}},"fnMap":{"0":{"name":"getInitials","decl":{"start":{"line":6,"column":16},"end":{"line":6,"column":27}},"loc":{"start":{"line":6,"column":41},"end":{"line":13,"column":1}}}},"branchMap":{"0":{"loc":{"start":{"line":7,"column":2},"end":{"line":7,"column":null}},"type":"if","locations":[{"start":{"line":7,"column":2},"end":{"line":7,"column":null}}]},"1":{"loc":{"start":{"line":10,"column":2},"end":{"line":10,"column":null}},"type":"if","locations":[{"start":{"line":10,"column":2},"end":{"line":10,"column":null}}]},"2":{"loc":{"start":{"line":11,"column":2},"end":{"line":11,"column":null}},"type":"if","locations":[{"start":{"line":11,"column":2},"end":{"line":11,"column":null}}]}},"s":{"0":1,"1":2,"2":0,"3":2,"4":2,"5":0,"6":2,"7":0,"8":2},"f":{"0":2},"b":{"0":[0],"1":[0],"2":[0]}}
}
