TN:
SF:src\components\NavigationMenuSection.tsx
FN:29,(anonymous_1)
FN:89,(anonymous_2)
FN:96,(anonymous_3)
FN:96,(anonymous_4)
FN:99,handleNavigationClick
FN:114,(anonymous_6)
FN:119,(anonymous_7)
FN:150,(anonymous_8)
FN:155,(anonymous_9)
FNF:9
FNH:4
FNDA:1,(anonymous_1)
FNDA:0,(anonymous_2)
FNDA:1,(anonymous_3)
FNDA:1,(anonymous_4)
FNDA:0,handleNavigationClick
FNDA:2,(anonymous_6)
FNDA:0,(anonymous_7)
FNDA:0,(anonymous_8)
FNDA:0,(anonymous_9)
DA:1,1
DA:2,1
DA:3,1
DA:4,1
DA:5,1
DA:7,1
DA:8,1
DA:9,1
DA:10,1
DA:11,1
DA:12,1
DA:13,1
DA:15,1
DA:16,1
DA:17,1
DA:29,1
DA:30,1
DA:31,1
DA:32,1
DA:33,1
DA:34,1
DA:35,1
DA:89,1
DA:90,0
DA:92,1
DA:95,1
DA:96,1
DA:100,0
DA:101,0
DA:104,1
DA:115,2
DA:119,0
DA:151,0
DA:155,0
LF:34
LH:28
BRDA:36,0,0,1
BRDA:36,0,1,0
BRDA:61,1,0,0
BRDA:61,1,1,0
BRDA:96,2,0,1
BRDA:96,2,1,0
BRDA:109,3,0,1
BRDA:109,3,1,0
BRDA:109,4,0,0
BRDA:109,4,1,0
BRDA:118,5,0,1
BRDA:118,5,1,1
BRDA:136,6,0,0
BRDA:136,6,1,1
BRDA:139,7,0,1
BRDA:139,7,1,0
BRDA:154,8,0,0
BRDA:154,8,1,0
BRDA:166,9,0,1
BRDA:166,9,1,0
BRDA:166,10,0,0
BRDA:166,10,1,0
BRF:22
BRH:8
end_of_record
TN:
SF:src\components\alert-modal.tsx
FN:12,AlertModal
FNF:1
FNH:0
FNDA:0,AlertModal
DA:1,1
DA:2,1
DA:3,1
DA:12,1
DA:18,0
LF:5
LH:4
BRDA:13,0,0,0
BRDA:15,1,0,0
BRDA:28,2,0,0
BRDA:28,2,1,0
BRF:4
BRH:0
end_of_record
TN:
SF:src\components\card.tsx
FN:26,(anonymous_1)
FN:38,(anonymous_2)
FN:47,(anonymous_3)
FN:71,(anonymous_4)
FNF:4
FNH:0
FNDA:0,(anonymous_1)
FNDA:0,(anonymous_2)
FNDA:0,(anonymous_3)
FNDA:0,(anonymous_4)
DA:1,1
DA:2,1
DA:3,1
DA:5,1
DA:6,1
DA:7,1
DA:9,1
DA:10,1
DA:11,1
DA:26,1
DA:27,0
DA:28,0
DA:30,0
DA:32,0
DA:39,0
DA:48,0
DA:49,0
DA:50,0
DA:55,0
DA:72,0
LF:20
LH:10
BRDA:75,0,0,0
BRDA:75,0,1,0
BRDA:83,1,0,0
BRDA:83,1,1,0
BRDA:93,2,0,0
BRDA:93,2,1,0
BRDA:105,3,0,0
BRDA:105,3,1,0
BRF:8
BRH:0
end_of_record
TN:
SF:src\components\user-menu.tsx
FN:8,UserMenu
FN:12,(anonymous_2)
FN:29,(anonymous_3)
FN:33,(anonymous_4)
FNF:4
FNH:1
FNDA:2,UserMenu
FNDA:0,(anonymous_2)
FNDA:0,(anonymous_3)
FNDA:0,(anonymous_4)
DA:1,1
DA:2,1
DA:3,1
DA:4,1
DA:5,1
DA:6,1
DA:8,1
DA:9,2
DA:10,2
DA:12,2
DA:13,0
DA:16,2
DA:17,2
DA:18,2
DA:19,2
DA:21,2
DA:29,0
DA:33,0
LF:18
LH:15
BRDA:16,0,0,2
BRDA:16,0,1,0
BRDA:17,1,0,2
BRDA:17,1,1,0
BRDA:25,2,0,2
BRDA:25,2,1,0
BRDA:46,3,0,2
BRDA:46,3,1,0
BRDA:50,4,0,2
BRDA:50,4,1,0
BRF:10
BRH:5
end_of_record
TN:
SF:src\contexts\AuthContext.tsx
FN:17,AuthProvider
FN:21,save
FN:29,updateUser
FN:40,remove
FN:46,loadUser
FN:56,(anonymous_5)
FNF:6
FNH:3
FNDA:2,AuthProvider
FNDA:0,save
FNDA:0,updateUser
FNDA:0,remove
FNDA:1,loadUser
FNDA:1,(anonymous_5)
DA:1,1
DA:3,1
DA:13,1
DA:15,1
DA:17,1
DA:18,2
DA:19,2
DA:22,0
DA:23,0
DA:24,0
DA:26,0
DA:30,0
DA:31,0
DA:35,0
DA:36,0
DA:41,0
DA:42,0
DA:43,0
DA:47,1
DA:48,1
DA:50,1
DA:51,0
DA:52,0
DA:54,1
DA:56,2
DA:57,1
DA:60,2
LF:27
LH:14
BRDA:30,0,0,0
BRDA:50,1,0,0
BRDA:50,2,0,1
BRDA:50,2,1,0
BRF:4
BRH:1
end_of_record
TN:
SF:src\core-components\avatar.tsx
FN:27,Avatar
FN:42,(anonymous_2)
FNF:2
FNH:1
FNDA:2,Avatar
FNDA:0,(anonymous_2)
DA:1,1
DA:2,1
DA:3,1
DA:4,1
DA:6,1
DA:27,1
DA:35,2
DA:39,2
DA:42,2
DA:43,0
DA:44,0
DA:47,2
LF:12
LH:10
BRDA:35,0,0,2
BRDA:35,0,1,0
BRDA:49,1,0,2
BRDA:49,1,1,0
BRDA:49,2,0,2
BRDA:49,2,1,2
BRF:6
BRH:4
end_of_record
TN:
SF:src\core-components\button.tsx
FN:74,Button
FNF:1
FNH:1
FNDA:1,Button
DA:2,1
DA:3,1
DA:4,1
DA:6,1
DA:34,1
DA:48,1
DA:74,1
DA:83,1
LF:8
LH:8
BRDA:76,0,0,1
BRDA:88,1,0,1
BRDA:88,1,1,1
BRDA:94,2,0,1
BRDA:94,2,1,0
BRDA:96,3,0,0
BRDA:96,3,1,0
BRF:7
BRH:4
end_of_record
TN:
SF:src\core-components\header-nav.tsx
FN:26,HeaderNav
FNF:1
FNH:1
FNDA:2,HeaderNav
DA:1,1
DA:2,1
DA:4,1
DA:6,1
DA:26,1
DA:27,2
LF:6
LH:6
BRF:0
BRH:0
end_of_record
TN:
SF:src\core-components\icon.tsx
FN:22,Icon
FNF:1
FNH:1
FNDA:5,Icon
DA:2,1
DA:4,1
DA:22,1
DA:23,5
LF:4
LH:4
BRF:0
BRH:0
end_of_record
TN:
SF:src\core-components\menu-link.tsx
FN:55,MenuLink
FNF:1
FNH:1
FNDA:2,MenuLink
DA:2,1
DA:3,1
DA:4,1
DA:6,1
DA:25,1
DA:37,1
DA:55,1
DA:63,2
LF:8
LH:8
BRDA:68,0,0,2
BRDA:68,0,1,2
BRDA:71,1,0,2
BRDA:71,1,1,2
BRF:4
BRH:4
end_of_record
TN:
SF:src\core-components\modal.tsx
FN:43,ModalRoot
FN:56,(anonymous_1)
FN:68,ModalContent
FN:81,ModalHeader
FN:98,ModalBody
FN:113,ModalFooter
FNF:6
FNH:0
FNDA:0,ModalRoot
FNDA:0,(anonymous_1)
FNDA:0,ModalContent
FNDA:0,ModalHeader
FNDA:0,ModalBody
FNDA:0,ModalFooter
DA:2,1
DA:4,1
DA:24,1
DA:43,1
DA:51,0
DA:57,0
DA:68,1
DA:74,0
DA:81,1
DA:86,0
DA:98,1
DA:103,0
DA:113,1
DA:118,0
DA:130,1
LF:15
LH:9
BRDA:57,0,0,0
BRDA:89,1,0,0
BRDA:89,1,1,0
BRDA:105,2,0,0
BRDA:105,2,1,0
BRDA:121,3,0,0
BRDA:121,3,1,0
BRF:7
BRH:0
end_of_record
TN:
SF:src\core-components\text.tsx
FN:31,Text
FNF:1
FNH:1
FNDA:2,Text
DA:1,1
DA:2,1
DA:4,1
DA:31,1
DA:38,2
LF:5
LH:5
BRDA:32,0,0,2
BRF:1
BRH:1
end_of_record
TN:
SF:src\layouts\PerfilDesktop.tsx
FN:16,(anonymous_1)
FN:23,(anonymous_2)
FN:28,(anonymous_3)
FNF:3
FNH:0
FNDA:0,(anonymous_1)
FNDA:0,(anonymous_2)
FNDA:0,(anonymous_3)
DA:1,1
DA:3,1
DA:7,1
DA:8,1
DA:10,1
DA:16,1
DA:19,0
DA:20,0
DA:21,0
DA:23,0
DA:24,0
DA:25,0
DA:28,0
DA:29,0
DA:30,0
DA:32,0
DA:35,0
DA:36,0
DA:37,0
DA:40,0
DA:44,0
LF:21
LH:6
BRDA:35,0,0,0
BRDA:46,1,0,0
BRDA:46,1,1,0
BRDA:75,2,0,0
BRDA:75,2,1,0
BRF:5
BRH:0
end_of_record
TN:
SF:src\layouts\ProfileFormSection.tsx
FN:27,ProfileFormSection
FN:42,(anonymous_2)
FN:44,(anonymous_3)
FN:59,(anonymous_4)
FN:60,(anonymous_5)
FN:63,(anonymous_6)
FN:67,(anonymous_7)
FN:94,(anonymous_8)
FN:109,(anonymous_9)
FN:116,(anonymous_10)
FN:124,(anonymous_11)
FN:125,(anonymous_12)
FN:176,(anonymous_13)
FN:206,(anonymous_14)
FN:269,(anonymous_15)
FN:290,(anonymous_16)
FN:313,(anonymous_17)
FN:359,(anonymous_18)
FNF:18
FNH:0
FNDA:0,ProfileFormSection
FNDA:0,(anonymous_2)
FNDA:0,(anonymous_3)
FNDA:0,(anonymous_4)
FNDA:0,(anonymous_5)
FNDA:0,(anonymous_6)
FNDA:0,(anonymous_7)
FNDA:0,(anonymous_8)
FNDA:0,(anonymous_9)
FNDA:0,(anonymous_10)
FNDA:0,(anonymous_11)
FNDA:0,(anonymous_12)
FNDA:0,(anonymous_13)
FNDA:0,(anonymous_14)
FNDA:0,(anonymous_15)
FNDA:0,(anonymous_16)
FNDA:0,(anonymous_17)
FNDA:0,(anonymous_18)
DA:1,1
DA:10,1
DA:11,1
DA:12,1
DA:13,1
DA:14,1
DA:15,1
DA:16,1
DA:17,1
DA:18,1
DA:19,1
DA:26,1
DA:28,0
DA:29,0
DA:35,0
DA:36,0
DA:37,0
DA:38,0
DA:39,0
DA:40,0
DA:42,0
DA:43,0
DA:44,0
DA:51,0
DA:52,0
DA:54,0
DA:59,0
DA:60,0
DA:63,0
DA:64,0
DA:67,0
DA:70,0
DA:71,0
DA:74,0
DA:75,0
DA:76,0
DA:77,0
DA:80,0
DA:81,0
DA:82,0
DA:83,0
DA:85,0
DA:86,0
DA:88,0
DA:89,0
DA:90,0
DA:94,0
DA:95,0
DA:96,0
DA:97,0
DA:98,0
DA:100,0
DA:101,0
DA:103,0
DA:104,0
DA:105,0
DA:109,0
DA:111,0
DA:112,0
DA:115,0
DA:116,0
DA:124,0
DA:126,0
DA:127,0
DA:130,0
DA:131,0
DA:132,0
DA:133,0
DA:134,0
DA:137,0
DA:138,0
DA:139,0
DA:140,0
DA:146,0
DA:149,0
DA:150,0
DA:154,0
DA:155,0
DA:159,0
DA:160,0
DA:164,0
DA:165,0
DA:166,0
DA:167,0
DA:170,0
DA:173,0
DA:176,0
DA:182,0
DA:183,0
DA:184,0
DA:185,0
DA:188,0
DA:189,0
DA:190,0
DA:193,0
DA:195,0
DA:200,0
DA:206,0
DA:269,0
DA:290,0
DA:314,0
DA:360,0
LF:102
LH:12
BRDA:43,0,0,0
BRDA:46,1,0,0
BRDA:46,1,1,0
BRDA:47,2,0,0
BRDA:47,2,1,0
BRDA:51,3,0,0
BRDA:51,3,1,0
BRDA:52,4,0,0
BRDA:52,4,1,0
BRDA:71,5,0,0
BRDA:74,6,0,0
BRDA:83,7,0,0
BRDA:83,7,1,0
BRDA:115,8,0,0
BRDA:130,9,0,0
BRDA:130,10,0,0
BRDA:130,10,1,0
BRDA:131,11,0,0
BRDA:137,12,0,0
BRDA:149,13,0,0
BRDA:149,14,0,0
BRDA:149,14,1,0
BRDA:154,15,0,0
BRDA:154,16,0,0
BRDA:154,16,1,0
BRDA:159,17,0,0
BRDA:159,18,0,0
BRDA:159,18,1,0
BRDA:164,19,0,0
BRDA:191,20,0,0
BRDA:191,20,1,0
BRDA:202,21,0,0
BRDA:202,21,1,0
BRDA:220,22,0,0
BRDA:220,22,1,0
BRDA:222,23,0,0
BRDA:222,23,1,0
BRDA:305,24,0,0
BRDA:305,24,1,0
BRDA:331,25,0,0
BRDA:331,25,1,0
BRDA:338,26,0,0
BRDA:338,26,1,0
BRDA:343,27,0,0
BRDA:343,27,1,0
BRF:45
BRH:0
end_of_record
TN:
SF:src\services\api.ts
FNF:0
FNH:0
DA:1,1
DA:3,1
LF:2
LH:2
BRF:0
BRH:0
end_of_record
TN:
SF:src\services\avatar.ts
FN:4,(anonymous_0)
FN:20,(anonymous_1)
FNF:2
FNH:0
FNDA:0,(anonymous_0)
FNDA:0,(anonymous_1)
DA:1,1
DA:4,1
DA:7,0
DA:8,0
DA:10,0
DA:16,0
DA:20,1
DA:24,0
DA:25,0
LF:9
LH:3
BRF:0
BRH:0
end_of_record
TN:
SF:src\utils\get-avatar-url.ts
FN:6,(anonymous_0)
FNF:1
FNH:1
FNDA:2,(anonymous_0)
DA:6,1
DA:7,2
DA:12,2
DA:13,2
DA:14,2
LF:5
LH:5
BRDA:7,0,0,0
BRDA:12,1,0,2
BRDA:12,1,1,0
BRDA:12,1,2,0
BRDA:13,2,0,2
BRDA:13,2,1,2
BRF:6
BRH:3
end_of_record
TN:
SF:src\utils\get-initials.ts
FN:6,getInitials
FNF:1
FNH:1
FNDA:2,getInitials
DA:6,1
DA:7,2
DA:8,2
DA:10,2
DA:11,2
DA:12,2
LF:6
LH:6
BRDA:7,0,0,0
BRDA:10,1,0,0
BRDA:11,2,0,0
BRF:3
BRH:0
end_of_record
